________________________________________________________________________________________

[ 01/11/2021 01:58:47 ][ TibiaBOTCase ][ DEBUG ]

> Array
(
    [0] => Illuminate\Database\Eloquent\Collection Object
        (
            [items:protected] => Array
                (
                    [0] => App\Models\Bot Object
                        (
                            [table:protected] => bots
                            [connection:protected] => default
                            [primaryKey:protected] => id
                            [keyType:protected] => int
                            [incrementing] => 1
                            [with:protected] => Array
                                (
                                )

                            [withCount:protected] => Array
                                (
                                )

                            [preventsLazyLoading] => 
                            [perPage:protected] => 15
                            [exists] => 1
                            [wasRecentlyCreated] => 
                            [attributes:protected] => Array
                                (
                                    [id] => 1
                                    [client_id] => 
                                    [name] => SERVER LOCAL
                                    [tag_command] => !
                                    [level_tibia] => 250
                                    [sgid_claimed] => 
                                    [sgid_bot] => 
                                    [limit_friend] => 2
                                    [limit_hunted] => 2
                                    [limit_ally] => 30
                                    [limit_enemy] => 30
                                    [external_id] => 
                                    [active] => 1
                                    [created_at] => 2021-08-30 03:46:32
                                    [updated_at] => 2021-08-30 03:46:32
                                    [world] => 
                                    [fk_id_bot] => 1
                                    [fk_id_tibia_api] => 8
                                    [server] => Underwar
                                    [src] => underwar
                                    [url] => https://www.underwar.org
                                    [premium] => 0
                                    [fk_id_tibia_api_server] => 1
                                    [host] => 159.203.191.88
                                    [token] => 
                                    [userapi] => 
                                    [password] => 
                                    [friend_high_channel] => 98
                                    [friend_low_channel] => 99
                                    [hunted_high_channel] => 100
                                    [hunted_low_channel] => 101
                                    [neutral_channel] => 102
                                    [ally_channel] => 96
                                    [enemy_channel] => 97
                                    [death_channel] => 103
                                    [claimed_channel] => 104
                                    [news_channel] => 105
                                    [fk_id_tibia] => 1
                                    [port] => 9991
                                    [querylogin] => serveradmin
                                    [querypassword] => LTCAl7FIkfzI
                                    [queryport] => 10101
                                    [server_api_host] => 127.0.0.1
                                )

                            [original:protected] => Array
                                (
                                    [id] => 1
                                    [client_id] => 
                                    [name] => SERVER LOCAL
                                    [tag_command] => !
                                    [level_tibia] => 250
                                    [sgid_claimed] => 
                                    [sgid_bot] => 
                                    [limit_friend] => 2
                                    [limit_hunted] => 2
                                    [limit_ally] => 30
                                    [limit_enemy] => 30
                                    [external_id] => 
                                    [active] => 1
                                    [created_at] => 2021-08-30 03:46:32
                                    [updated_at] => 2021-08-30 03:46:32
                                    [world] => 
                                    [fk_id_bot] => 1
                                    [fk_id_tibia_api] => 8
                                    [server] => Underwar
                                    [src] => underwar
                                    [url] => https://www.underwar.org
                                    [premium] => 0
                                    [fk_id_tibia_api_server] => 1
                                    [host] => 159.203.191.88
                                    [token] => 
                                    [userapi] => 
                                    [password] => 
                                    [friend_high_channel] => 98
                                    [friend_low_channel] => 99
                                    [hunted_high_channel] => 100
                                    [hunted_low_channel] => 101
                                    [neutral_channel] => 102
                                    [ally_channel] => 96
                                    [enemy_channel] => 97
                                    [death_channel] => 103
                                    [claimed_channel] => 104
                                    [news_channel] => 105
                                    [fk_id_tibia] => 1
                                    [port] => 9991
                                    [querylogin] => serveradmin
                                    [querypassword] => LTCAl7FIkfzI
                                    [queryport] => 10101
                                    [server_api_host] => 127.0.0.1
                                )

                            [changes:protected] => Array
                                (
                                )

                            [casts:protected] => Array
                                (
                                )

                            [classCastCache:protected] => Array
                                (
                                )

                            [dates:protected] => Array
                                (
                                )

                            [dateFormat:protected] => 
                            [appends:protected] => Array
                                (
                                )

                            [dispatchesEvents:protected] => Array
                                (
                                )

                            [observables:protected] => Array
                                (
                                )

                            [relations:protected] => Array
                                (
                                )

                            [touches:protected] => Array
                                (
                                )

                            [timestamps] => 1
                            [hidden:protected] => Array
                                (
                                )

                            [visible:protected] => Array
                                (
                                )

                            [fillable:protected] => Array
                                (
                                )

                            [guarded:protected] => Array
                                (
                                    [0] => *
                                )

                        )

                )

            [escapeWhenCastingToString:protected] => 
        )

    [1] => App\Shared\TS3Admin Object
        (
            [runtime:App\Shared\TS3Admin:private] => Array
                (
                    [socket] => Resource id #148
                    [selected] => 1
                    [host] => 159.203.191.88
                    [queryport] => 10101
                    [timeout] => 2
                    [debug] => Array
                        (
                        )

                    [fileSocket] => 
                    [bot_clid] => BOT
                    [bot_name] => BOT Lend치rio
                )

            [data:App\Shared\TS3Admin:private] => Array
                (
                )

        )

    [2] => 1
)


 ---------------------------------- [ FINISH LOGGER ] ----------------------------------

________________________________________________________________________________________

[ 01/11/2021 01:59:10 ][ TibiaBOTCase ][ DEBUG ]

> Array
(
    [0] => Illuminate\Database\Eloquent\Collection Object
        (
            [items:protected] => Array
                (
                    [0] => App\Models\Bot Object
                        (
                            [table:protected] => bots
                            [connection:protected] => default
                            [primaryKey:protected] => id
                            [keyType:protected] => int
                            [incrementing] => 1
                            [with:protected] => Array
                                (
                                )

                            [withCount:protected] => Array
                                (
                                )

                            [preventsLazyLoading] => 
                            [perPage:protected] => 15
                            [exists] => 1
                            [wasRecentlyCreated] => 
                            [attributes:protected] => Array
                                (
                                    [id] => 1
                                    [client_id] => 
                                    [name] => SERVER LOCAL
                                    [tag_command] => !
                                    [level_tibia] => 250
                                    [sgid_claimed] => 
                                    [sgid_bot] => 
                                    [limit_friend] => 2
                                    [limit_hunted] => 2
                                    [limit_ally] => 30
                                    [limit_enemy] => 30
                                    [external_id] => 
                                    [active] => 1
                                    [created_at] => 2021-08-30 03:46:32
                                    [updated_at] => 2021-08-30 03:46:32
                                    [world] => 
                                    [fk_id_bot] => 1
                                    [fk_id_tibia_api] => 8
                                    [server] => Underwar
                                    [src] => underwar
                                    [url] => https://www.underwar.org
                                    [premium] => 0
                                    [fk_id_tibia_api_server] => 1
                                    [host] => 159.203.191.88
                                    [token] => 
                                    [userapi] => 
                                    [password] => 
                                    [friend_high_channel] => 98
                                    [friend_low_channel] => 99
                                    [hunted_high_channel] => 100
                                    [hunted_low_channel] => 101
                                    [neutral_channel] => 102
                                    [ally_channel] => 96
                                    [enemy_channel] => 97
                                    [death_channel] => 103
                                    [claimed_channel] => 104
                                    [news_channel] => 105
                                    [fk_id_tibia] => 1
                                    [port] => 9991
                                    [querylogin] => serveradmin
                                    [querypassword] => LTCAl7FIkfzI
                                    [queryport] => 10101
                                    [server_api_host] => 127.0.0.1
                                )

                            [original:protected] => Array
                                (
                                    [id] => 1
                                    [client_id] => 
                                    [name] => SERVER LOCAL
                                    [tag_command] => !
                                    [level_tibia] => 250
                                    [sgid_claimed] => 
                                    [sgid_bot] => 
                                    [limit_friend] => 2
                                    [limit_hunted] => 2
                                    [limit_ally] => 30
                                    [limit_enemy] => 30
                                    [external_id] => 
                                    [active] => 1
                                    [created_at] => 2021-08-30 03:46:32
                                    [updated_at] => 2021-08-30 03:46:32
                                    [world] => 
                                    [fk_id_bot] => 1
                                    [fk_id_tibia_api] => 8
                                    [server] => Underwar
                                    [src] => underwar
                                    [url] => https://www.underwar.org
                                    [premium] => 0
                                    [fk_id_tibia_api_server] => 1
                                    [host] => 159.203.191.88
                                    [token] => 
                                    [userapi] => 
                                    [password] => 
                                    [friend_high_channel] => 98
                                    [friend_low_channel] => 99
                                    [hunted_high_channel] => 100
                                    [hunted_low_channel] => 101
                                    [neutral_channel] => 102
                                    [ally_channel] => 96
                                    [enemy_channel] => 97
                                    [death_channel] => 103
                                    [claimed_channel] => 104
                                    [news_channel] => 105
                                    [fk_id_tibia] => 1
                                    [port] => 9991
                                    [querylogin] => serveradmin
                                    [querypassword] => LTCAl7FIkfzI
                                    [queryport] => 10101
                                    [server_api_host] => 127.0.0.1
                                )

                            [changes:protected] => Array
                                (
                                )

                            [casts:protected] => Array
                                (
                                )

                            [classCastCache:protected] => Array
                                (
                                )

                            [dates:protected] => Array
                                (
                                )

                            [dateFormat:protected] => 
                            [appends:protected] => Array
                                (
                                )

                            [dispatchesEvents:protected] => Array
                                (
                                )

                            [observables:protected] => Array
                                (
                                )

                            [relations:protected] => Array
                                (
                                )

                            [touches:protected] => Array
                                (
                                )

                            [timestamps] => 1
                            [hidden:protected] => Array
                                (
                                )

                            [visible:protected] => Array
                                (
                                )

                            [fillable:protected] => Array
                                (
                                )

                            [guarded:protected] => Array
                                (
                                    [0] => *
                                )

                        )

                )

            [escapeWhenCastingToString:protected] => 
        )

    [1] => App\Shared\TS3Admin Object
        (
            [runtime:App\Shared\TS3Admin:private] => Array
                (
                    [socket] => Resource id #151
                    [selected] => 1
                    [host] => 159.203.191.88
                    [queryport] => 10101
                    [timeout] => 2
                    [debug] => Array
                        (
                        )

                    [fileSocket] => 
                    [bot_clid] => BOT
                    [bot_name] => BOT Lend치rio
                )

            [data:App\Shared\TS3Admin:private] => Array
                (
                )

        )

    [2] => 1
)


 ---------------------------------- [ FINISH LOGGER ] ----------------------------------

________________________________________________________________________________________

[ 01/11/2021 02:09:27 ][ TibiaBOTCase ][ DEBUG ]

> Array
(
    [0] => Illuminate\Database\Eloquent\Collection Object
        (
            [items:protected] => Array
                (
                    [0] => App\Models\Bot Object
                        (
                            [table:protected] => bots
                            [connection:protected] => default
                            [primaryKey:protected] => id
                            [keyType:protected] => int
                            [incrementing] => 1
                            [with:protected] => Array
                                (
                                )

                            [withCount:protected] => Array
                                (
                                )

                            [preventsLazyLoading] => 
                            [perPage:protected] => 15
                            [exists] => 1
                            [wasRecentlyCreated] => 
                            [attributes:protected] => Array
                                (
                                    [id] => 1
                                    [client_id] => 
                                    [name] => SERVER LOCAL
                                    [tag_command] => !
                                    [level_tibia] => 250
                                    [sgid_claimed] => 
                                    [sgid_bot] => 
                                    [limit_friend] => 2
                                    [limit_hunted] => 2
                                    [limit_ally] => 30
                                    [limit_enemy] => 30
                                    [external_id] => 
                                    [active] => 1
                                    [created_at] => 2021-08-30 03:46:32
                                    [updated_at] => 2021-08-30 03:46:32
                                    [world] => 
                                    [fk_id_bot] => 1
                                    [fk_id_tibia_api] => 8
                                    [server] => Underwar
                                    [src] => underwar
                                    [url] => https://www.underwar.org
                                    [premium] => 0
                                    [fk_id_tibia_api_server] => 1
                                    [host] => 159.203.191.88
                                    [token] => 
                                    [userapi] => 
                                    [password] => 
                                    [friend_high_channel] => 98
                                    [friend_low_channel] => 99
                                    [hunted_high_channel] => 100
                                    [hunted_low_channel] => 101
                                    [neutral_channel] => 102
                                    [ally_channel] => 96
                                    [enemy_channel] => 97
                                    [death_channel] => 103
                                    [claimed_channel] => 104
                                    [news_channel] => 105
                                    [fk_id_tibia] => 1
                                    [port] => 9991
                                    [querylogin] => serveradmin
                                    [querypassword] => LTCAl7FIkfzI
                                    [queryport] => 10101
                                    [server_api_host] => 127.0.0.1
                                )

                            [original:protected] => Array
                                (
                                    [id] => 1
                                    [client_id] => 
                                    [name] => SERVER LOCAL
                                    [tag_command] => !
                                    [level_tibia] => 250
                                    [sgid_claimed] => 
                                    [sgid_bot] => 
                                    [limit_friend] => 2
                                    [limit_hunted] => 2
                                    [limit_ally] => 30
                                    [limit_enemy] => 30
                                    [external_id] => 
                                    [active] => 1
                                    [created_at] => 2021-08-30 03:46:32
                                    [updated_at] => 2021-08-30 03:46:32
                                    [world] => 
                                    [fk_id_bot] => 1
                                    [fk_id_tibia_api] => 8
                                    [server] => Underwar
                                    [src] => underwar
                                    [url] => https://www.underwar.org
                                    [premium] => 0
                                    [fk_id_tibia_api_server] => 1
                                    [host] => 159.203.191.88
                                    [token] => 
                                    [userapi] => 
                                    [password] => 
                                    [friend_high_channel] => 98
                                    [friend_low_channel] => 99
                                    [hunted_high_channel] => 100
                                    [hunted_low_channel] => 101
                                    [neutral_channel] => 102
                                    [ally_channel] => 96
                                    [enemy_channel] => 97
                                    [death_channel] => 103
                                    [claimed_channel] => 104
                                    [news_channel] => 105
                                    [fk_id_tibia] => 1
                                    [port] => 9991
                                    [querylogin] => serveradmin
                                    [querypassword] => LTCAl7FIkfzI
                                    [queryport] => 10101
                                    [server_api_host] => 127.0.0.1
                                )

                            [changes:protected] => Array
                                (
                                )

                            [casts:protected] => Array
                                (
                                )

                            [classCastCache:protected] => Array
                                (
                                )

                            [dates:protected] => Array
                                (
                                )

                            [dateFormat:protected] => 
                            [appends:protected] => Array
                                (
                                )

                            [dispatchesEvents:protected] => Array
                                (
                                )

                            [observables:protected] => Array
                                (
                                )

                            [relations:protected] => Array
                                (
                                )

                            [touches:protected] => Array
                                (
                                )

                            [timestamps] => 1
                            [hidden:protected] => Array
                                (
                                )

                            [visible:protected] => Array
                                (
                                )

                            [fillable:protected] => Array
                                (
                                )

                            [guarded:protected] => Array
                                (
                                    [0] => *
                                )

                        )

                )

            [escapeWhenCastingToString:protected] => 
        )

    [1] => App\Shared\TS3Admin Object
        (
            [runtime:App\Shared\TS3Admin:private] => Array
                (
                    [socket] => Resource id #103
                    [selected] => 1
                    [host] => 159.203.191.88
                    [queryport] => 10101
                    [timeout] => 2
                    [debug] => Array
                        (
                        )

                    [fileSocket] => 
                    [bot_clid] => BOT
                    [bot_name] => BOT Lend치rio
                )

            [data:App\Shared\TS3Admin:private] => Array
                (
                )

        )

    [2] => 1
)


 ---------------------------------- [ FINISH LOGGER ] ----------------------------------

________________________________________________________________________________________

[ 01/11/2021 02:10:07 ][ TibiaBOTCase ][ DEBUG ]

> Array
(
    [0] => Illuminate\Database\Eloquent\Collection Object
        (
            [items:protected] => Array
                (
                    [0] => App\Models\Bot Object
                        (
                            [table:protected] => bots
                            [connection:protected] => default
                            [primaryKey:protected] => id
                            [keyType:protected] => int
                            [incrementing] => 1
                            [with:protected] => Array
                                (
                                )

                            [withCount:protected] => Array
                                (
                                )

                            [preventsLazyLoading] => 
                            [perPage:protected] => 15
                            [exists] => 1
                            [wasRecentlyCreated] => 
                            [attributes:protected] => Array
                                (
                                    [id] => 1
                                    [client_id] => 
                                    [name] => SERVER LOCAL
                                    [tag_command] => !
                                    [level_tibia] => 250
                                    [sgid_claimed] => 
                                    [sgid_bot] => 
                                    [limit_friend] => 2
                                    [limit_hunted] => 2
                                    [limit_ally] => 30
                                    [limit_enemy] => 30
                                    [external_id] => 
                                    [active] => 1
                                    [created_at] => 2021-08-30 03:46:32
                                    [updated_at] => 2021-08-30 03:46:32
                                    [world] => 
                                    [fk_id_bot] => 1
                                    [fk_id_tibia_api] => 8
                                    [server] => Underwar
                                    [src] => underwar
                                    [url] => https://www.underwar.org
                                    [premium] => 0
                                    [fk_id_tibia_api_server] => 1
                                    [host] => 159.203.191.88
                                    [token] => 
                                    [userapi] => 
                                    [password] => 
                                    [friend_high_channel] => 98
                                    [friend_low_channel] => 99
                                    [hunted_high_channel] => 100
                                    [hunted_low_channel] => 101
                                    [neutral_channel] => 102
                                    [ally_channel] => 96
                                    [enemy_channel] => 97
                                    [death_channel] => 103
                                    [claimed_channel] => 104
                                    [news_channel] => 105
                                    [fk_id_tibia] => 1
                                    [port] => 9991
                                    [querylogin] => serveradmin
                                    [querypassword] => LTCAl7FIkfzI
                                    [queryport] => 10101
                                    [server_api_host] => 127.0.0.1
                                )

                            [original:protected] => Array
                                (
                                    [id] => 1
                                    [client_id] => 
                                    [name] => SERVER LOCAL
                                    [tag_command] => !
                                    [level_tibia] => 250
                                    [sgid_claimed] => 
                                    [sgid_bot] => 
                                    [limit_friend] => 2
                                    [limit_hunted] => 2
                                    [limit_ally] => 30
                                    [limit_enemy] => 30
                                    [external_id] => 
                                    [active] => 1
                                    [created_at] => 2021-08-30 03:46:32
                                    [updated_at] => 2021-08-30 03:46:32
                                    [world] => 
                                    [fk_id_bot] => 1
                                    [fk_id_tibia_api] => 8
                                    [server] => Underwar
                                    [src] => underwar
                                    [url] => https://www.underwar.org
                                    [premium] => 0
                                    [fk_id_tibia_api_server] => 1
                                    [host] => 159.203.191.88
                                    [token] => 
                                    [userapi] => 
                                    [password] => 
                                    [friend_high_channel] => 98
                                    [friend_low_channel] => 99
                                    [hunted_high_channel] => 100
                                    [hunted_low_channel] => 101
                                    [neutral_channel] => 102
                                    [ally_channel] => 96
                                    [enemy_channel] => 97
                                    [death_channel] => 103
                                    [claimed_channel] => 104
                                    [news_channel] => 105
                                    [fk_id_tibia] => 1
                                    [port] => 9991
                                    [querylogin] => serveradmin
                                    [querypassword] => LTCAl7FIkfzI
                                    [queryport] => 10101
                                    [server_api_host] => 127.0.0.1
                                )

                            [changes:protected] => Array
                                (
                                )

                            [casts:protected] => Array
                                (
                                )

                            [classCastCache:protected] => Array
                                (
                                )

                            [dates:protected] => Array
                                (
                                )

                            [dateFormat:protected] => 
                            [appends:protected] => Array
                                (
                                )

                            [dispatchesEvents:protected] => Array
                                (
                                )

                            [observables:protected] => Array
                                (
                                )

                            [relations:protected] => Array
                                (
                                )

                            [touches:protected] => Array
                                (
                                )

                            [timestamps] => 1
                            [hidden:protected] => Array
                                (
                                )

                            [visible:protected] => Array
                                (
                                )

                            [fillable:protected] => Array
                                (
                                )

                            [guarded:protected] => Array
                                (
                                    [0] => *
                                )

                        )

                )

            [escapeWhenCastingToString:protected] => 
        )

    [1] => App\Shared\TS3Admin Object
        (
            [runtime:App\Shared\TS3Admin:private] => Array
                (
                    [socket] => Resource id #103
                    [selected] => 1
                    [host] => 159.203.191.88
                    [queryport] => 10101
                    [timeout] => 2
                    [debug] => Array
                        (
                        )

                    [fileSocket] => 
                    [bot_clid] => BOT
                    [bot_name] => BOT Lend치rio
                )

            [data:App\Shared\TS3Admin:private] => Array
                (
                )

        )

    [2] => 1
)


 ---------------------------------- [ FINISH LOGGER ] ----------------------------------

